<?xml version="1.0" encoding="UTF-8"?>
<!-- Generated by org.testng.reporters.JUnitReportReporter -->
<testsuite hostname="DESKTOP-TGKJ6PG" failures="0" tests="3" name="testscripts.regression.ToVerifyInValidLoginDetails" time="46.513" errors="0" timestamp="2024-03-24T15:05:06 IST" skipped="0">
  <testcase classname="testscripts.regression.ToVerifyInValidLoginDetails" name="validUsernameInvalidPassword" time="18.388"/>
  <testcase classname="testscripts.regression.ToVerifyInValidLoginDetails" name="inValidUsernameInvalidPassword" time="15.056"/>
  <testcase classname="testscripts.regression.ToVerifyInValidLoginDetails" name="invalidUsernameValidPassword" time="13.069"/>
</testsuite> <!-- testscripts.regression.ToVerifyInValidLoginDetails -->
