<?xml version="1.0" encoding="UTF-8"?>
<!-- Generated by org.testng.reporters.JUnitReportReporter -->
<testsuite hostname="DESKTOP-TGKJ6PG" failures="0" tests="1" name="testscripts.regression.ToVerifyValidLoginDetails" time="119.069" errors="0" timestamp="2024-03-24T14:43:16 IST" skipped="0">
  <testcase classname="testscripts.regression.ToVerifyValidLoginDetails" name="validLogin" time="119.069"/>
</testsuite> <!-- testscripts.regression.ToVerifyValidLoginDetails -->
