<?xml version="1.0" encoding="UTF-8"?>
<!-- Generated by org.testng.reporters.JUnitReportReporter -->
<testsuite hostname="DESKTOP-TGKJ6PG" failures="0" tests="4" name="testscripts.regression.DataDrivenMethodInValidLogin" time="71.525" errors="0" timestamp="2024-03-24T15:31:28 IST" skipped="0">
  <testcase classname="testscripts.regression.DataDrivenMethodInValidLogin" name="inValidLogin" time="17.876"/>
  <testcase classname="testscripts.regression.DataDrivenMethodInValidLogin" name="inValidLogin" time="21.549"/>
  <testcase classname="testscripts.regression.DataDrivenMethodInValidLogin" name="inValidLogin" time="15.394"/>
  <testcase classname="testscripts.regression.DataDrivenMethodInValidLogin" name="inValidLogin" time="16.706"/>
</testsuite> <!-- testscripts.regression.DataDrivenMethodInValidLogin -->
