<?xml version="1.0" encoding="UTF-8"?>
<!-- Generated by org.testng.reporters.JUnitReportReporter -->
<testsuite hostname="DESKTOP-TGKJ6PG" failures="0" tests="1" name="testscripts.regression.ValidateLoginUsingKeywordFrame" time="45.153" errors="0" timestamp="2024-03-26T06:44:30 IST" skipped="0">
  <testcase classname="testscripts.regression.ValidateLoginUsingKeywordFrame" name="login" time="45.153"/>
</testsuite> <!-- testscripts.regression.ValidateLoginUsingKeywordFrame -->
