<?xml version="1.0" encoding="UTF-8"?>
<!-- Generated by org.testng.reporters.JUnitReportReporter -->
<testsuite hostname="DESKTOP-TGKJ6PG" failures="0" tests="1" name="testscripts.regression.SearchHotelViaHybridKeywordFrame" time="138.991" errors="0" timestamp="2024-03-30T21:12:40 IST" skipped="0">
  <testcase classname="testscripts.regression.SearchHotelViaHybridKeywordFrame" name="findHotel" time="138.991"/>
</testsuite> <!-- testscripts.regression.SearchHotelViaHybridKeywordFrame -->
